{"/Users/u003252/Documents/seniors-stylis/src/index.ts": {"path":"/Users/u003252/Documents/seniors-stylis/src/index.ts","statementMap":{"0":{"start":{"line":1,"column":0},"end":{"line":1,"column":37}},"1":{"start":{"line":2,"column":0},"end":{"line":2,"column":47}},"2":{"start":{"line":14,"column":0},"end":{"line":14,"column":null}},"3":{"start":{"line":18,"column":4},"end":{"line":18,"column":39}},"4":{"start":{"line":30,"column":2},"end":{"line":37,"column":null}},"5":{"start":{"line":31,"column":16},"end":{"line":31,"column":49}},"6":{"start":{"line":32,"column":4},"end":{"line":34,"column":null}},"7":{"start":{"line":33,"column":6},"end":{"line":33,"column":41}},"8":{"start":{"line":36,"column":4},"end":{"line":36,"column":17}},"9":{"start":{"line":38,"column":0},"end":{"line":38,"column":null}},"10":{"start":{"line":40,"column":0},"end":{"line":40,"column":22}}},"fnMap":{"0":{"name":"(anonymous_0)","decl":{"start":{"line":14,"column":0},"end":{"line":14,"column":null}},"loc":{"start":{"line":14,"column":0},"end":{"line":38,"column":null}}},"1":{"name":"Stylis","decl":{"start":{"line":17,"column":2},"end":{"line":17,"column":14}},"loc":{"start":{"line":17,"column":31},"end":{"line":19,"column":3}}},"2":{"name":"(anonymous_2)","decl":{"start":{"line":30,"column":2},"end":{"line":30,"column":7}},"loc":{"start":{"line":30,"column":62},"end":{"line":37,"column":3}}}},"branchMap":{"0":{"loc":{"start":{"line":32,"column":4},"end":{"line":34,"column":null}},"type":"if","locations":[{"start":{"line":32,"column":4},"end":{"line":34,"column":null}},{"start":{"line":32,"column":4},"end":{"line":34,"column":null}}]}},"s":{"0":1,"1":1,"2":1,"3":2,"4":1,"5":4,"6":4,"7":1,"8":4,"9":1,"10":1},"f":{"0":1,"1":2,"2":4},"b":{"0":[1,3]}}
,"/Users/u003252/Documents/seniors-stylis/src/parser.ts": {"path":"/Users/u003252/Documents/seniors-stylis/src/parser.ts","statementMap":{"0":{"start":{"line":1,"column":0},"end":{"line":1,"column":49}},"1":{"start":{"line":14,"column":15},"end":{"line":17,"column":null}},"2":{"start":{"line":19,"column":18},"end":{"line":22,"column":null}},"3":{"start":{"line":24,"column":57},"end":{"line":27,"column":null}},"4":{"start":{"line":29,"column":2},"end":{"line":38,"column":9}},"5":{"start":{"line":30,"column":20},"end":{"line":30,"column":22}},"6":{"start":{"line":30,"column":27},"end":{"line":30,"column":28}},"7":{"start":{"line":31,"column":10},"end":{"line":37,"column":13}},"8":{"start":{"line":32,"column":26},"end":{"line":32,"column":30}},"9":{"start":{"line":33,"column":14},"end":{"line":35,"column":null}},"10":{"start":{"line":34,"column":18},"end":{"line":34,"column":26}},"11":{"start":{"line":36,"column":14},"end":{"line":36,"column":76}},"12":{"start":{"line":40,"column":2},"end":{"line":47,"column":9}},"13":{"start":{"line":41,"column":20},"end":{"line":41,"column":22}},"14":{"start":{"line":41,"column":35},"end":{"line":41,"column":36}},"15":{"start":{"line":42,"column":10},"end":{"line":46,"column":13}},"16":{"start":{"line":43,"column":14},"end":{"line":45,"column":67}},"17":{"start":{"line":50,"column":2},"end":{"line":50,"column":15}},"18":{"start":{"line":13,"column":0},"end":{"line":13,"column":16}}},"fnMap":{"0":{"name":"parseStylisTolegacy","decl":{"start":{"line":13,"column":16},"end":{"line":13,"column":35}},"loc":{"start":{"line":13,"column":49},"end":{"line":51,"column":1}}},"1":{"name":"(anonymous_1)","decl":{"start":{"line":30,"column":15},"end":{"line":30,"column":16}},"loc":{"start":{"line":30,"column":28},"end":{"line":38,"column":7}}},"2":{"name":"(anonymous_2)","decl":{"start":{"line":31,"column":24},"end":{"line":31,"column":28}},"loc":{"start":{"line":31,"column":28},"end":{"line":37,"column":11}}},"3":{"name":"(anonymous_3)","decl":{"start":{"line":41,"column":15},"end":{"line":41,"column":16}},"loc":{"start":{"line":41,"column":36},"end":{"line":47,"column":7}}},"4":{"name":"(anonymous_4)","decl":{"start":{"line":42,"column":32},"end":{"line":42,"column":36}},"loc":{"start":{"line":42,"column":36},"end":{"line":46,"column":11}}}},"branchMap":{},"s":{"0":1,"1":1,"2":1,"3":1,"4":1,"5":2,"6":2,"7":2,"8":6,"9":6,"10":114,"11":6,"12":1,"13":2,"14":2,"15":2,"16":3,"17":1,"18":1},"f":{"0":1,"1":2,"2":6,"3":2,"4":3},"b":{}}
,"/Users/u003252/Documents/seniors-stylis/src/utils/string.ts": {"path":"/Users/u003252/Documents/seniors-stylis/src/utils/string.ts","statementMap":{"0":{"start":{"line":10,"column":18},"end":{"line":10,"column":20}},"1":{"start":{"line":11,"column":14},"end":{"line":11,"column":16}},"2":{"start":{"line":12,"column":2},"end":{"line":14,"column":null}},"3":{"start":{"line":13,"column":6},"end":{"line":13,"column":26}},"4":{"start":{"line":16,"column":2},"end":{"line":16,"column":17}},"5":{"start":{"line":9,"column":0},"end":{"line":9,"column":16}}},"fnMap":{"0":{"name":"getAllIndexesOf","decl":{"start":{"line":9,"column":16},"end":{"line":9,"column":31}},"loc":{"start":{"line":9,"column":58},"end":{"line":17,"column":1}}}},"branchMap":{},"s":{"0":2,"1":2,"2":2,"3":6,"4":2,"5":1},"f":{"0":2},"b":{}}
}
