TN:
SF:src/index.ts
FN:14,(anonymous_0)
FN:17,Stylis
FN:30,(anonymous_2)
FNF:3
FNH:3
FNDA:1,(anonymous_0)
FNDA:2,Stylis
FNDA:4,(anonymous_2)
DA:1,1
DA:2,1
DA:14,1
DA:18,2
DA:30,1
DA:31,4
DA:32,4
DA:33,1
DA:36,4
DA:38,1
DA:40,1
LF:11
LH:11
BRDA:32,0,0,1
BRDA:32,0,1,3
BRF:2
BRH:2
end_of_record
TN:
SF:src/parser.ts
FN:13,parseStylisTolegacy
FN:30,(anonymous_1)
FN:31,(anonymous_2)
FN:41,(anonymous_3)
FN:42,(anonymous_4)
FNF:5
FNH:5
FNDA:1,parseStylisTolegacy
FNDA:2,(anonymous_1)
FNDA:6,(anonymous_2)
FNDA:2,(anonymous_3)
FNDA:3,(anonymous_4)
DA:1,1
DA:13,1
DA:14,1
DA:19,1
DA:24,1
DA:29,1
DA:30,2
DA:31,2
DA:32,6
DA:33,6
DA:34,114
DA:36,6
DA:40,1
DA:41,2
DA:42,2
DA:43,3
DA:50,1
LF:17
LH:17
BRF:0
BRH:0
end_of_record
TN:
SF:src/utils/string.ts
FN:9,getAllIndexesOf
FNF:1
FNH:1
FNDA:2,getAllIndexesOf
DA:9,1
DA:10,2
DA:11,2
DA:12,2
DA:13,6
DA:16,2
LF:6
LH:6
BRF:0
BRH:0
end_of_record
